Сборка начата 12.02.2019 23:51:43.
     1>Проект "C:\Program\учеба\6 семестр\ЧМ\CHM_lab_1.0\CHM_lab_1.0\CHM_lab_1.0.vcxproj" в узле 2 (целевые объекты Build).
     1>ClCompile:
         C:\Program Files (x86)\Microsoft Visual Studio 12.0\VC\bin\CL.exe /c /ZI /nologo /W3 /WX- /sdl /Od /Oy- /D WIN32 /D _DEBUG /D _CONSOLE /D _LIB /D _UNICODE /D UNICODE /Gm /EHsc /RTC1 /MDd /GS /fp:precise /Zc:wchar_t /Zc:forScope /Yu"stdafx.h" /Fp"Debug\CHM_lab_1.0.pch" /Fo"Debug\\" /Fd"Debug\vc120.pdb" /Gd /TP /analyze- /errorReport:prompt CHM_lab_1.0.cpp
         CHM_lab_1.0.cpp
     1>c:\program\учеба\6 семестр\чм\chm_lab_1.0\chm_lab_1.0\interpol.h(22): warning C4018: <: несоответствие типов со знаком и без знака
     1>c:\program\учеба\6 семестр\чм\chm_lab_1.0\chm_lab_1.0\interpol.h(44): warning C4244: аргумент: преобразование "double" в "unsigned int", возможна потеря данных
     1>c:\program\учеба\6 семестр\чм\chm_lab_1.0\chm_lab_1.0\interpol.h(46): warning C4244: аргумент: преобразование "double" в "unsigned int", возможна потеря данных
     1>c:\program\учеба\6 семестр\чм\chm_lab_1.0\chm_lab_1.0\interpol.h(51): warning C4244: аргумент: преобразование "double" в "unsigned int", возможна потеря данных
     1>c:\program\учеба\6 семестр\чм\chm_lab_1.0\chm_lab_1.0\interpol.h(52): warning C4244: аргумент: преобразование "double" в "unsigned int", возможна потеря данных
     1>c:\program\учеба\6 семестр\чм\chm_lab_1.0\chm_lab_1.0\interpol.h(56): warning C4244: аргумент: преобразование "double" в "unsigned int", возможна потеря данных
     1>c:\program\учеба\6 семестр\чм\chm_lab_1.0\chm_lab_1.0\interpol.h(57): warning C4244: аргумент: преобразование "double" в "unsigned int", возможна потеря данных
     1>c:\program\учеба\6 семестр\чм\chm_lab_1.0\chm_lab_1.0\interpol.h(62): warning C4244: аргумент: преобразование "double" в "unsigned int", возможна потеря данных
     1>c:\program\учеба\6 семестр\чм\chm_lab_1.0\chm_lab_1.0\interpol.h(63): warning C4244: аргумент: преобразование "double" в "unsigned int", возможна потеря данных
     1>c:\program\учеба\6 семестр\чм\chm_lab_1.0\chm_lab_1.0\interpol.h(68): warning C4244: аргумент: преобразование "double" в "unsigned int", возможна потеря данных
     1>c:\program\учеба\6 семестр\чм\chm_lab_1.0\chm_lab_1.0\interpol.h(69): warning C4244: аргумент: преобразование "double" в "unsigned int", возможна потеря данных
     1>c:\program\учеба\6 семестр\чм\chm_lab_1.0\chm_lab_1.0\interpol.h(78): warning C4018: <: несоответствие типов со знаком и без знака
     1>c:\program\учеба\6 семестр\чм\chm_lab_1.0\chm_lab_1.0\interpol.h(80): warning C4018: <: несоответствие типов со знаком и без знака
       Link:
         C:\Program Files (x86)\Microsoft Visual Studio 12.0\VC\bin\link.exe /ERRORREPORT:PROMPT /OUT:"C:\Program\учеба\6 семестр\ЧМ\CHM_lab_1.0\Debug\CHM_lab_1.0.exe" /INCREMENTAL /NOLOGO kernel32.lib user32.lib gdi32.lib winspool.lib comdlg32.lib advapi32.lib shell32.lib ole32.lib oleaut32.lib uuid.lib odbc32.lib odbccp32.lib /MANIFEST /MANIFESTUAC:"level='asInvoker' uiAccess='false'" /manifest:embed /DEBUG /PDB:"C:\Program\учеба\6 семестр\ЧМ\CHM_lab_1.0\Debug\CHM_lab_1.0.pdb" /SUBSYSTEM:CONSOLE /TLBID:1 /DYNAMICBASE /NXCOMPAT /IMPLIB:"C:\Program\учеба\6 семестр\ЧМ\CHM_lab_1.0\Debug\CHM_lab_1.0.lib" /MACHINE:X86 Debug\CHM_lab_1.0.obj
         Debug\stdafx.obj
         CHM_lab_1.0.vcxproj -> C:\Program\учеба\6 семестр\ЧМ\CHM_lab_1.0\Debug\CHM_lab_1.0.exe
     1>Сборка проекта "C:\Program\учеба\6 семестр\ЧМ\CHM_lab_1.0\CHM_lab_1.0\CHM_lab_1.0.vcxproj" завершена (целевые объекты Build).

Сборка успешно завершена.

Затраченное время: 00:00:07.25
